This is pdfTeX, Version 3.14159265-2.6-1.40.20 (TeX Live 2019) (preloaded format=pdflatex 2020.4.9)  17 NOV 2021 13:32
entering extended mode
 restricted \write18 enabled.
 %&-line parsing enabled.
**relazione.tex
(./relazione.tex
LaTeX2e <2018-12-01>
(/usr/local/texlive/2019/texmf-dist/tex/latex/base/article.cls
Document Class: article 2018/09/03 v1.4i Standard LaTeX document class
(/usr/local/texlive/2019/texmf-dist/tex/latex/base/size10.clo
File: size10.clo 2018/09/03 v1.4i Standard LaTeX file (size option)
)
\c@part=\count80
\c@section=\count81
\c@subsection=\count82
\c@subsubsection=\count83
\c@paragraph=\count84
\c@subparagraph=\count85
\c@figure=\count86
\c@table=\count87
\abovecaptionskip=\skip41
\belowcaptionskip=\skip42
\bibindent=\dimen102
)
(../latex/package.tex
(/usr/local/texlive/2019/texmf-dist/tex/latex/geometry/geometry.sty
Package: geometry 2018/04/16 v5.8 Page Geometry

(/usr/local/texlive/2019/texmf-dist/tex/latex/graphics/keyval.sty
Package: keyval 2014/10/28 v1.15 key=value parser (DPC)
\KV@toks@=\toks14
)
(/usr/local/texlive/2019/texmf-dist/tex/generic/oberdiek/ifpdf.sty
Package: ifpdf 2018/09/07 v3.3 Provides the ifpdf switch
)
(/usr/local/texlive/2019/texmf-dist/tex/generic/oberdiek/ifvtex.sty
Package: ifvtex 2016/05/16 v1.6 Detect VTeX and its facilities (HO)
Package ifvtex Info: VTeX not detected.
)
(/usr/local/texlive/2019/texmf-dist/tex/generic/ifxetex/ifxetex.sty
Package: ifxetex 2010/09/12 v0.6 Provides ifxetex conditional
)
\Gm@cnth=\count88
\Gm@cntv=\count89
\c@Gm@tempcnt=\count90
\Gm@bindingoffset=\dimen103
\Gm@wd@mp=\dimen104
\Gm@odd@mp=\dimen105
\Gm@even@mp=\dimen106
\Gm@layoutwidth=\dimen107
\Gm@layoutheight=\dimen108
\Gm@layouthoffset=\dimen109
\Gm@layoutvoffset=\dimen110
\Gm@dimlist=\toks15
)
(/usr/local/texlive/2019/texmf-dist/tex/generic/babel/babel.sty
Package: babel 2019/05/04 3.31 The Babel package

(/usr/local/texlive/2019/texmf-dist/tex/generic/babel/switch.def
File: switch.def 2019/05/04 3.31 Babel switching mechanism
)
(/usr/local/texlive/2019/texmf-dist/tex/generic/babel-italian/italian.ldf
Language: italian 2019/01/05 v.1.4.01 Italian support for the babel system

(/usr/local/texlive/2019/texmf-dist/tex/generic/babel/babel.def
File: babel.def 2019/05/04 3.31 Babel common definitions
\babel@savecnt=\count91
\U@D=\dimen111

(/usr/local/texlive/2019/texmf-dist/tex/generic/babel/txtbabel.def)
\bbl@dirlevel=\count92
)
\it@lettering=\count93
\it@doublequoteactive=\count94
\it@ISOcompliance=\count95
))
(/usr/local/texlive/2019/texmf-dist/tex/latex/etoolbox/etoolbox.sty
Package: etoolbox 2018/08/19 v2.5f e-TeX tools for LaTeX (JAW)
\etb@tempcnta=\count96
)
(/usr/local/texlive/2019/texmf-dist/tex/latex/base/inputenc.sty
Package: inputenc 2018/08/11 v1.3c Input encoding file
\inpenc@prehook=\toks16
\inpenc@posthook=\toks17
)
(/usr/local/texlive/2019/texmf-dist/tex/latex/base/fontenc.sty
Package: fontenc 2018/08/11 v2.0j Standard LaTeX package

(/usr/local/texlive/2019/texmf-dist/tex/latex/base/t1enc.def
File: t1enc.def 2018/08/11 v2.0j Standard LaTeX file
LaTeX Font Info:    Redeclaring font encoding T1 on input line 48.
))
(/usr/local/texlive/2019/texmf-dist/tex/latex/tex-gyre/tgschola.sty
Package: tgschola 2009/09/27 v1.2 TeX Gyre Schola as default roman family

(/usr/local/texlive/2019/texmf-dist/tex/latex/oberdiek/kvoptions.sty
Package: kvoptions 2016/05/16 v3.12 Key value format for package options (HO)

(/usr/local/texlive/2019/texmf-dist/tex/generic/oberdiek/ltxcmds.sty
Package: ltxcmds 2016/05/16 v1.23 LaTeX kernel commands for general use (HO)
)
(/usr/local/texlive/2019/texmf-dist/tex/generic/oberdiek/kvsetkeys.sty
Package: kvsetkeys 2016/05/16 v1.17 Key value parser (HO)

(/usr/local/texlive/2019/texmf-dist/tex/generic/oberdiek/infwarerr.sty
Package: infwarerr 2016/05/16 v1.4 Providing info/warning/error messages (HO)
)
(/usr/local/texlive/2019/texmf-dist/tex/generic/oberdiek/etexcmds.sty
Package: etexcmds 2016/05/16 v1.6 Avoid name clashes with e-TeX commands (HO)

(/usr/local/texlive/2019/texmf-dist/tex/generic/oberdiek/ifluatex.sty
Package: ifluatex 2016/05/16 v1.4 Provides the ifluatex switch (HO)
Package ifluatex Info: LuaTeX not detected.
)))))
(/usr/local/texlive/2019/texmf-dist/tex/latex/tools/tabularx.sty
Package: tabularx 2016/02/03 v2.11b `tabularx' package (DPC)

(/usr/local/texlive/2019/texmf-dist/tex/latex/tools/array.sty
Package: array 2018/12/30 v2.4k Tabular extension package (FMi)
\col@sep=\dimen112
\ar@mcellbox=\box27
\extrarowheight=\dimen113
\NC@list=\toks18
\extratabsurround=\skip43
\backup@length=\skip44
\ar@cellbox=\box28
)
\TX@col@width=\dimen114
\TX@old@table=\dimen115
\TX@old@col=\dimen116
\TX@target=\dimen117
\TX@delta=\dimen118
\TX@cols=\count97
\TX@ftn=\toks19
)
(/usr/local/texlive/2019/texmf-dist/tex/latex/tools/longtable.sty
Package: longtable 2014/10/28 v4.11 Multi-page Table package (DPC)+ FMi change
\LTleft=\skip45
\LTright=\skip46
\LTpre=\skip47
\LTpost=\skip48
\LTchunksize=\count98
\LTcapwidth=\dimen119
\LT@head=\box29
\LT@firsthead=\box30
\LT@foot=\box31
\LT@lastfoot=\box32
\LT@cols=\count99
\LT@rows=\count100
\c@LT@tables=\count101
\c@LT@chunks=\count102
\LT@p@ftn=\toks20
)
(/usr/local/texlive/2019/texmf-dist/tex/latex/hyperref/hyperref.sty
Package: hyperref 2018/11/30 v6.88e Hypertext links for LaTeX

(/usr/local/texlive/2019/texmf-dist/tex/generic/oberdiek/hobsub-hyperref.sty
Package: hobsub-hyperref 2016/05/16 v1.14 Bundle oberdiek, subset hyperref (HO)


(/usr/local/texlive/2019/texmf-dist/tex/generic/oberdiek/hobsub-generic.sty
Package: hobsub-generic 2016/05/16 v1.14 Bundle oberdiek, subset generic (HO)
Package: hobsub 2016/05/16 v1.14 Construct package bundles (HO)
Package hobsub Info: Skipping package `infwarerr' (already loaded).
Package hobsub Info: Skipping package `ltxcmds' (already loaded).
Package hobsub Info: Skipping package `ifluatex' (already loaded).
Package hobsub Info: Skipping package `ifvtex' (already loaded).
Package: intcalc 2016/05/16 v1.2 Expandable calculations with integers (HO)
Package hobsub Info: Skipping package `ifpdf' (already loaded).
Package hobsub Info: Skipping package `etexcmds' (already loaded).
Package hobsub Info: Skipping package `kvsetkeys' (already loaded).
Package: kvdefinekeys 2016/05/16 v1.4 Define keys (HO)
Package: pdftexcmds 2018/09/10 v0.29 Utility functions of pdfTeX for LuaTeX (HO
)
Package pdftexcmds Info: LuaTeX not detected.
Package pdftexcmds Info: \pdf@primitive is available.
Package pdftexcmds Info: \pdf@ifprimitive is available.
Package pdftexcmds Info: \pdfdraftmode found.
Package: pdfescape 2016/05/16 v1.14 Implements pdfTeX's escape features (HO)
Package: bigintcalc 2016/05/16 v1.4 Expandable calculations on big integers (HO
)
Package: bitset 2016/05/16 v1.2 Handle bit-vector datatype (HO)
Package: uniquecounter 2016/05/16 v1.3 Provide unlimited unique counter (HO)
)
Package hobsub Info: Skipping package `hobsub' (already loaded).
Package: letltxmacro 2016/05/16 v1.5 Let assignment for LaTeX macros (HO)
Package: hopatch 2016/05/16 v1.3 Wrapper for package hooks (HO)
Package: xcolor-patch 2016/05/16 xcolor patch
Package: atveryend 2016/05/16 v1.9 Hooks at the very end of document (HO)
Package: atbegshi 2016/06/09 v1.18 At begin shipout hook (HO)
Package: refcount 2016/05/16 v3.5 Data extraction from label references (HO)
Package: hycolor 2016/05/16 v1.8 Color options for hyperref/bookmark (HO)
)
(/usr/local/texlive/2019/texmf-dist/tex/latex/oberdiek/auxhook.sty
Package: auxhook 2016/05/16 v1.4 Hooks for auxiliary files (HO)
)
\@linkdim=\dimen120
\Hy@linkcounter=\count103
\Hy@pagecounter=\count104

(/usr/local/texlive/2019/texmf-dist/tex/latex/hyperref/pd1enc.def
File: pd1enc.def 2018/11/30 v6.88e Hyperref: PDFDocEncoding definition (HO)
Now handling font encoding PD1 ...
... no UTF-8 mapping file for font encoding PD1
)
\Hy@SavedSpaceFactor=\count105

(/usr/local/texlive/2019/texmf-dist/tex/latex/latexconfig/hyperref.cfg
File: hyperref.cfg 2002/06/06 v1.2 hyperref configuration of TeXLive
)
Package hyperref Info: Hyper figures OFF on input line 4519.
Package hyperref Info: Link nesting OFF on input line 4524.
Package hyperref Info: Hyper index ON on input line 4527.
Package hyperref Info: Plain pages OFF on input line 4534.
Package hyperref Info: Backreferencing OFF on input line 4539.
Package hyperref Info: Implicit mode ON; LaTeX internals redefined.
Package hyperref Info: Bookmarks ON on input line 4772.
\c@Hy@tempcnt=\count106

(/usr/local/texlive/2019/texmf-dist/tex/latex/url/url.sty
\Urlmuskip=\muskip10
Package: url 2013/09/16  ver 3.4  Verb mode for urls, etc.
)
LaTeX Info: Redefining \url on input line 5125.
\XeTeXLinkMargin=\dimen121
\Fld@menulength=\count107
\Field@Width=\dimen122
\Fld@charsize=\dimen123
Package hyperref Info: Hyper figures OFF on input line 6380.
Package hyperref Info: Link nesting OFF on input line 6385.
Package hyperref Info: Hyper index ON on input line 6388.
Package hyperref Info: backreferencing OFF on input line 6395.
Package hyperref Info: Link coloring OFF on input line 6400.
Package hyperref Info: Link coloring with OCG OFF on input line 6405.
Package hyperref Info: PDF/A mode OFF on input line 6410.
LaTeX Info: Redefining \ref on input line 6450.
LaTeX Info: Redefining \pageref on input line 6454.
\Hy@abspage=\count108
\c@Item=\count109
\c@Hfootnote=\count110
)
Package hyperref Info: Driver (autodetected): hpdftex.

(/usr/local/texlive/2019/texmf-dist/tex/latex/hyperref/hpdftex.def
File: hpdftex.def 2018/11/30 v6.88e Hyperref driver for pdfTeX
\Fld@listcount=\count111
\c@bookmark@seq@number=\count112

(/usr/local/texlive/2019/texmf-dist/tex/latex/oberdiek/rerunfilecheck.sty
Package: rerunfilecheck 2016/05/16 v1.8 Rerun checks for auxiliary files (HO)
Package uniquecounter Info: New unique counter `rerunfilecheck' on input line 2
82.
)
\Hy@SectionHShift=\skip49
)
(/usr/local/texlive/2019/texmf-dist/tex/latex/enumitem/enumitem.sty
Package: enumitem 2019/02/04 v3.8 Customized lists
\labelindent=\skip50
\enit@outerparindent=\dimen124
\enit@toks=\toks21
\enit@inbox=\box33
\enit@count@id=\count113
\enitdp@description=\count114
)
Package hyperref Info: Option `colorlinks' set `true' on input line 18.

(/usr/local/texlive/2019/texmf-dist/tex/latex/chngcntr/chngcntr.sty
Package: chngcntr 2018/04/09 v1.1a change counter resetting
)
(/usr/local/texlive/2019/texmf-dist/tex/latex/footmisc/footmisc.sty
Package: footmisc 2011/06/06 v5.5b a miscellany of footnote facilities
\FN@temptoken=\toks22
\footnotemargin=\dimen125
\c@pp@next@reset=\count115
Package footmisc Info: Declaring symbol style bringhurst on input line 855.
Package footmisc Info: Declaring symbol style chicago on input line 863.
Package footmisc Info: Declaring symbol style wiley on input line 872.
Package footmisc Info: Declaring symbol style lamport-robust on input line 883.

Package footmisc Info: Declaring symbol style lamport* on input line 903.
Package footmisc Info: Declaring symbol style lamport*-robust on input line 924
.
)
(/usr/local/texlive/2019/texmf-dist/tex/latex/fancyhdr/fancyhdr.sty
Package: fancyhdr 2019/01/31 v3.10 Extensive control of page headers and footer
s
\f@nch@headwidth=\skip51
\f@nch@O@elh=\skip52
\f@nch@O@erh=\skip53
\f@nch@O@olh=\skip54
\f@nch@O@orh=\skip55
\f@nch@O@elf=\skip56
\f@nch@O@erf=\skip57
\f@nch@O@olf=\skip58
\f@nch@O@orf=\skip59
)
(/usr/local/texlive/2019/texmf-dist/tex/latex/amsmath/amsmath.sty
Package: amsmath 2018/12/01 v2.17b AMS math features
\@mathmargin=\skip60

For additional information on amsmath, use the `?' option.
(/usr/local/texlive/2019/texmf-dist/tex/latex/amsmath/amstext.sty
Package: amstext 2000/06/29 v2.01 AMS text

(/usr/local/texlive/2019/texmf-dist/tex/latex/amsmath/amsgen.sty
File: amsgen.sty 1999/11/30 v2.0 generic functions
\@emptytoks=\toks23
\ex@=\dimen126
))
(/usr/local/texlive/2019/texmf-dist/tex/latex/amsmath/amsbsy.sty
Package: amsbsy 1999/11/29 v1.2d Bold Symbols
\pmbraise@=\dimen127
)
(/usr/local/texlive/2019/texmf-dist/tex/latex/amsmath/amsopn.sty
Package: amsopn 2016/03/08 v2.02 operator names
)
\inf@bad=\count116
LaTeX Info: Redefining \frac on input line 223.
\uproot@=\count117
\leftroot@=\count118
LaTeX Info: Redefining \overline on input line 385.
\classnum@=\count119
\DOTSCASE@=\count120
LaTeX Info: Redefining \ldots on input line 482.
LaTeX Info: Redefining \dots on input line 485.
LaTeX Info: Redefining \cdots on input line 606.
\Mathstrutbox@=\box34
\strutbox@=\box35
\big@size=\dimen128
LaTeX Font Info:    Redeclaring font encoding OML on input line 729.
LaTeX Font Info:    Redeclaring font encoding OMS on input line 730.
\macc@depth=\count121
\c@MaxMatrixCols=\count122
\dotsspace@=\muskip11
\c@parentequation=\count123
\dspbrk@lvl=\count124
\tag@help=\toks24
\row@=\count125
\column@=\count126
\maxfields@=\count127
\andhelp@=\toks25
\eqnshift@=\dimen129
\alignsep@=\dimen130
\tagshift@=\dimen131
\tagwidth@=\dimen132
\totwidth@=\dimen133
\lineht@=\dimen134
\@envbody=\toks26
\multlinegap=\skip61
\multlinetaggap=\skip62
\mathdisplay@stack=\toks27
LaTeX Info: Redefining \[ on input line 2844.
LaTeX Info: Redefining \] on input line 2845.
)
(/usr/local/texlive/2019/texmf-dist/tex/latex/amsfonts/amssymb.sty
Package: amssymb 2013/01/14 v3.01 AMS font symbols

(/usr/local/texlive/2019/texmf-dist/tex/latex/amsfonts/amsfonts.sty
Package: amsfonts 2013/01/14 v3.01 Basic AMSFonts support
\symAMSa=\mathgroup4
\symAMSb=\mathgroup5
LaTeX Font Info:    Overwriting math alphabet `\mathfrak' in version `bold'
(Font)                  U/euf/m/n --> U/euf/b/n on input line 106.
))
(/usr/local/texlive/2019/texmf-dist/tex/latex/graphics/graphicx.sty
Package: graphicx 2017/06/01 v1.1a Enhanced LaTeX Graphics (DPC,SPQR)

(/usr/local/texlive/2019/texmf-dist/tex/latex/graphics/graphics.sty
Package: graphics 2017/06/25 v1.2c Standard LaTeX Graphics (DPC,SPQR)

(/usr/local/texlive/2019/texmf-dist/tex/latex/graphics/trig.sty
Package: trig 2016/01/03 v1.10 sin cos tan (DPC)
)
(/usr/local/texlive/2019/texmf-dist/tex/latex/graphics-cfg/graphics.cfg
File: graphics.cfg 2016/06/04 v1.11 sample graphics configuration
)
Package graphics Info: Driver file: pdftex.def on input line 99.

(/usr/local/texlive/2019/texmf-dist/tex/latex/graphics-def/pdftex.def
File: pdftex.def 2018/01/08 v1.0l Graphics/color driver for pdftex
))
\Gin@req@height=\dimen135
\Gin@req@width=\dimen136
)
(/usr/local/texlive/2019/texmf-dist/tex/latex/listings/listings.sty
\lst@mode=\count128
\lst@gtempboxa=\box36
\lst@token=\toks28
\lst@length=\count129
\lst@currlwidth=\dimen137
\lst@column=\count130
\lst@pos=\count131
\lst@lostspace=\dimen138
\lst@width=\dimen139
\lst@newlines=\count132
\lst@lineno=\count133
\lst@maxwidth=\dimen140

(/usr/local/texlive/2019/texmf-dist/tex/latex/listings/lstmisc.sty
File: lstmisc.sty 2019/02/27 1.8b (Carsten Heinz)
\c@lstnumber=\count134
\lst@skipnumbers=\count135
\lst@framebox=\box37
)
(/usr/local/texlive/2019/texmf-dist/tex/latex/listings/listings.cfg
File: listings.cfg 2019/02/27 1.8b listings configuration
))
Package: listings 2019/02/27 1.8b (Carsten Heinz)

(/usr/local/texlive/2019/texmf-dist/tex/latex/base/ifthen.sty
Package: ifthen 2014/09/29 v1.1c Standard LaTeX ifthen package (DPC)
)
(/usr/local/texlive/2019/texmf-dist/tex/latex/layouts/layouts.sty
Package: layouts 2009/09/02 v2.6d graphical depiction of document elements
\l@ylen=\skip63
\layoutsbox=\box38
\l@youtunitlength=\skip64
\l@youtlinethick=\skip65
\l@youtlinethickii=\skip66
\l@ysetupparskip=\skip67
\l@ysetupbaselineskip=\skip68
\l@yonem=\skip69
\l@yonex=\skip70
\l@ylmarg=\skip71
\l@yrmarg=\skip72
\l@yitmindent=\skip73
\l@ylblwidth=\skip74
\l@ylblsep=\skip75
\l@ylparindent=\skip76
\l@ytsep=\skip77
\l@ypskip=\skip78
\l@yptsep=\skip79
\l@ypsep=\skip80
\l@yitmsep=\skip81
\l@ytok=\toks29
\l@youtpw=\count136
\l@youtph=\count137
\l@youthpi=\count138
\l@youthpii=\count139
\l@youthpiii=\count140
\l@youthpiv=\count141
\l@youthpv=\count142
\l@youthpvi=\count143
\l@youthpvii=\count144
\l@youtparskip=\count145
\l@youtvpi=\count146
\l@youtvpii=\count147
\l@youtvpiii=\count148
\l@youtvpiv=\count149
\l@youtvpv=\count150
\l@youtvpvi=\count151
\l@youtvpvii=\count152
\l@youthdo=\count153
\l@youthdi=\count154
\l@youthdii=\count155
\l@youthdiii=\count156
\l@youthdiv=\count157
\l@youthdv=\count158
\l@youthdvi=\count159
\l@youthdvii=\count160
\l@youtvdo=\count161
\l@youtvdi=\count162
\l@youtvdii=\count163
\l@youtvdiii=\count164
\l@youtvdiv=\count165
\l@youtvdv=\count166
\l@youtvdvi=\count167
\l@youtvdvii=\count168
\l@youtvdviii=\count169
\l@youtxci=\count170
\l@youtxcii=\count171
\l@youtxciii=\count172
\l@youtxciv=\count173
\l@youtxcv=\count174
\l@youtxcvi=\count175
\l@youtyci=\count176
\l@youtycii=\count177
\l@youtyciii=\count178
\l@youtyciv=\count179
\l@youtycv=\count180
\l@youtycvi=\count181
\l@youtycvii=\count182
\l@youtycviii=\count183
\l@youtxco=\count184
\l@youtyco=\count185
\l@ytempdima=\skip82
\stockwidth=\skip83
\stockheight=\skip84
\trimedge=\skip85
\trimtop=\skip86
\uppermargin=\skip87
\spinemargin=\skip88
)
(/usr/local/texlive/2019/texmf-dist/tex/latex/comment/comment.sty
\CommentStream=\write3

Excluding comment 'comment')
(/usr/local/texlive/2019/texmf-dist/tex/latex/float/float.sty
Package: float 2001/11/08 v1.3d Float enhancements (AL)
\c@float@type=\count186
\float@exts=\toks30
\float@box=\box39
\@float@everytoks=\toks31
\@floatcapt=\box40
)
(/usr/local/texlive/2019/texmf-dist/tex/latex/eurosym/eurosym.sty
Package: eurosym 1998/08/06 v1.1 European currency symbol ``Euro''
\@eurobox=\box41
)
(/usr/local/texlive/2019/texmf-dist/tex/latex/lastpage/lastpage.sty
Package: lastpage 2015/03/29 v1.2m Refers to last page's name (HMM; JPG)
)
(/usr/local/texlive/2019/texmf-dist/tex/latex/multirow/multirow.sty
Package: multirow 2019/01/01 v2.4 Span multiple rows of a table
\multirow@colwidth=\skip89
\multirow@cntb=\count187
\multirow@dima=\skip90
\bigstrutjot=\dimen141
)
(/usr/local/texlive/2019/texmf-dist/tex/latex/xcolor/xcolor.sty
Package: xcolor 2016/05/11 v2.12 LaTeX color extensions (UK)

(/usr/local/texlive/2019/texmf-dist/tex/latex/graphics-cfg/color.cfg
File: color.cfg 2016/01/02 v1.6 sample color configuration
)
Package xcolor Info: Driver file: pdftex.def on input line 225.

(/usr/local/texlive/2019/texmf-dist/tex/latex/colortbl/colortbl.sty
Package: colortbl 2018/12/12 v1.0d Color table columns (DPC)
\everycr=\toks32
\minrowclearance=\skip91
)
\rownum=\count188
Package xcolor Info: Model `cmy' substituted by `cmy0' on input line 1348.
Package xcolor Info: Model `hsb' substituted by `rgb' on input line 1352.
Package xcolor Info: Model `RGB' extended on input line 1364.
Package xcolor Info: Model `HTML' substituted by `rgb' on input line 1366.
Package xcolor Info: Model `Hsb' substituted by `hsb' on input line 1367.
Package xcolor Info: Model `tHsb' substituted by `hsb' on input line 1368.
Package xcolor Info: Model `HSB' substituted by `hsb' on input line 1369.
Package xcolor Info: Model `Gray' substituted by `gray' on input line 1370.
Package xcolor Info: Model `wave' substituted by `hsb' on input line 1371.
))
(./config/titlepage_input.tex)
\@indexfile=\write4
\openout4 = `relazione.idx'.


Writing index file relazione.idx
(./relazione.aux)
\openout1 = `relazione.aux'.

LaTeX Font Info:    Checking defaults for OML/cmm/m/it on input line 9.
LaTeX Font Info:    ... okay on input line 9.
LaTeX Font Info:    Checking defaults for T1/cmr/m/n on input line 9.
LaTeX Font Info:    ... okay on input line 9.
LaTeX Font Info:    Checking defaults for OT1/cmr/m/n on input line 9.
LaTeX Font Info:    ... okay on input line 9.
LaTeX Font Info:    Checking defaults for OMS/cmsy/m/n on input line 9.
LaTeX Font Info:    ... okay on input line 9.
LaTeX Font Info:    Checking defaults for OMX/cmex/m/n on input line 9.
LaTeX Font Info:    ... okay on input line 9.
LaTeX Font Info:    Checking defaults for U/cmr/m/n on input line 9.
LaTeX Font Info:    ... okay on input line 9.
LaTeX Font Info:    Checking defaults for PD1/pdf/m/n on input line 9.
LaTeX Font Info:    ... okay on input line 9.
LaTeX Font Info:    Try loading font information for T1+qcs on input line 9.

(/usr/local/texlive/2019/texmf-dist/tex/latex/tex-gyre/t1qcs.fd
File: t1qcs.fd 2009/09/25 v1.2 font definition file for T1/qcs
)
*geometry* driver: auto-detecting
*geometry* detected driver: pdftex
*geometry* verbose mode - [ preamble ] result:
* driver: pdftex
* paper: a4paper
* layout: <same size as paper>
* layoutoffset:(h,v)=(0.0pt,0.0pt)
* modes: 
* h-part:(L,W,R)=(89.62709pt, 418.25368pt, 89.6271pt)
* v-part:(T,H,B)=(101.40665pt, 591.5302pt, 152.11pt)
* \paperwidth=597.50787pt
* \paperheight=845.04684pt
* \textwidth=418.25368pt
* \textheight=591.5302pt
* \oddsidemargin=17.3571pt
* \evensidemargin=17.3571pt
* \topmargin=-7.86334pt
* \headheight=35.0pt
* \headsep=25.0pt
* \topskip=10.0pt
* \footskip=30.0pt
* \marginparwidth=57.0pt
* \marginparsep=11.0pt
* \columnsep=10.0pt
* \skip\footins=9.0pt plus 4.0pt minus 2.0pt
* \hoffset=0.0pt
* \voffset=0.0pt
* \mag=1000
* \@twocolumnfalse
* \@twosidefalse
* \@mparswitchfalse
* \@reversemarginfalse
* (1in=72.27pt=25.4mm, 1cm=28.453pt)

LaTeX Info: Redefining \it@ocap on input line 9.
LaTeX Info: Redefining \it@ccap on input line 9.
\AtBeginShipoutBox=\box42

Package hyperref Warning: Height of page (\stockheight) is invalid (0.0pt),
(hyperref)                using 11in.

Package hyperref Info: Link coloring ON on input line 9.
(/usr/local/texlive/2019/texmf-dist/tex/latex/hyperref/nameref.sty
Package: nameref 2016/05/21 v2.44 Cross-referencing by name of section

(/usr/local/texlive/2019/texmf-dist/tex/generic/oberdiek/gettitlestring.sty
Package: gettitlestring 2016/05/16 v1.5 Cleanup title references (HO)
)
\c@section@level=\count189
)
LaTeX Info: Redefining \ref on input line 9.
LaTeX Info: Redefining \pageref on input line 9.
LaTeX Info: Redefining \nameref on input line 9.

(./relazione.out) (./relazione.out)
\@outlinefile=\write5
\openout5 = `relazione.out'.


(/usr/local/texlive/2019/texmf-dist/tex/context/base/mkii/supp-pdf.mkii
[Loading MPS to PDF converter (version 2006.09.02).]
\scratchcounter=\count190
\scratchdimen=\dimen142
\scratchbox=\box43
\nofMPsegments=\count191
\nofMParguments=\count192
\everyMPshowfont=\toks33
\MPscratchCnt=\count193
\MPscratchDim=\dimen143
\MPnumerator=\count194
\makeMPintoPDFobject=\count195
\everyMPtoPDFconversion=\toks34
) (/usr/local/texlive/2019/texmf-dist/tex/latex/oberdiek/epstopdf-base.sty
Package: epstopdf-base 2016/05/15 v2.6 Base part for package epstopdf

(/usr/local/texlive/2019/texmf-dist/tex/latex/oberdiek/grfext.sty
Package: grfext 2016/05/16 v1.2 Manage graphics extensions (HO)
)
Package epstopdf-base Info: Redefining graphics rule for `.eps' on input line 4
38.
Package grfext Info: Graphics extension search list:
(grfext)             [.pdf,.png,.jpg,.mps,.jpeg,.jbig2,.jb2,.PDF,.PNG,.JPG,.JPE
G,.JBIG2,.JB2,.eps]
(grfext)             \AppendGraphicsExtensions on input line 456.

(/usr/local/texlive/2019/texmf-dist/tex/latex/latexconfig/epstopdf-sys.cfg
File: epstopdf-sys.cfg 2010/07/13 v1.3 Configuration of (r)epstopdf for TeX Liv
e
))
\c@lstlisting=\count196


Package layouts Warning: Layout scale set to 0.5 on input line 9.

Package lastpage Info: Please have a look at the pageslts package at
(lastpage)             https://www.ctan.org/pkg/pageslts
(lastpage)             ! on input line 9.
(../latex/titlepage.tex
<../latex/images/DreamTeam.png, id=36, 3113.6325pt x 2297.58376pt>
File: ../latex/images/DreamTeam.png Graphic file (type png)
<use ../latex/images/DreamTeam.png>
Package pdftex.def Info: ../latex/images/DreamTeam.png  used on input line 5.
(pdftex.def)             Requested size: 155.69073pt x 114.88591pt.
LaTeX Font Info:    Try loading font information for T1+cmss on input line 7.

(/usr/local/texlive/2019/texmf-dist/tex/latex/base/t1cmss.fd
File: t1cmss.fd 2014/09/29 v2.5h Standard LaTeX font definitions
)

LaTeX Font Warning: Font shape `T1/qcs/m/sl' in size <14.4> not available
(Font)              Font shape `T1/qcs/m/it' tried instead on input line 10.

<../latex/images/logoUniPD.png, id=39, 2309.62875pt x 1043.9pt>
File: ../latex/images/logoUniPD.png Graphic file (type png)
<use ../latex/images/logoUniPD.png>
Package pdftex.def Info: ../latex/images/logoUniPD.png  used on input line 18.
(pdftex.def)             Requested size: 127.01234pt x 57.40671pt.
[1

{/usr/local/texlive/2019/texmf-var/fonts/map/pdftex/updmap/pdftex.map} <../late
x/images/DreamTeam.png> <../latex/images/logoUniPD.png>]) (./relazione.toc
LaTeX Font Info:    Try loading font information for U+msa on input line 4.

(/usr/local/texlive/2019/texmf-dist/tex/latex/amsfonts/umsa.fd
File: umsa.fd 2013/01/14 v3.01 AMS symbols A
)
LaTeX Font Info:    Try loading font information for U+msb on input line 4.

(/usr/local/texlive/2019/texmf-dist/tex/latex/amsfonts/umsb.fd
File: umsb.fd 2013/01/14 v3.01 AMS symbols B
))
\tf@toc=\write6
\openout6 = `relazione.toc'.

File: ../latex/images/DreamTeam.png Graphic file (type png)
<use ../latex/images/DreamTeam.png>
Package pdftex.def Info: ../latex/images/DreamTeam.png  used on input line 16.
(pdftex.def)             Requested size: 62.2858pt x 45.96136pt.


Package Fancyhdr Warning: \headheight is too small (35.0pt): 
Make it at least 49.5614pt.
We now make it that large for the rest of the document.
This may cause the page layout to be inconsistent, however.

pdfTeX warning (ext4): destination with the same identifier (name{page.1}) has 
been already used, duplicate ignored
<to be read again> 
                   \relax 
l.16 		
        [1] (./res/sections/01_resoconto_incontri.tex
LaTeX Font Info:    Try loading font information for OMS+qcs on input line 4.
LaTeX Font Info:    No file OMSqcs.fd. on input line 4.


LaTeX Font Warning: Font shape `OMS/qcs/m/n' undefined
(Font)              using `OMS/cmsy/m/n' instead
(Font)              for symbol `textbullet' on input line 4.

)
File: ../latex/images/DreamTeam.png Graphic file (type png)
<use ../latex/images/DreamTeam.png>
Package pdftex.def Info: ../latex/images/DreamTeam.png  used on input line 20.
(pdftex.def)             Requested size: 62.2858pt x 45.96136pt.
 [2] (./res/sections/02_motivazioni.tex
Overfull \hbox (3.76212pt too wide) in paragraph at lines 2--3
\T1/qcs/m/n/10 Inizialmente, ab-bia-mo rea-liz-za-to una ta-bel-la in cui cia-s
cun com-po-nen-te del grup-po ha espres-
 []

)
File: ../latex/images/DreamTeam.png Graphic file (type png)
<use ../latex/images/DreamTeam.png>
Package pdftex.def Info: ../latex/images/DreamTeam.png  used on input line 22.
(pdftex.def)             Requested size: 62.2858pt x 45.96136pt.
 [3] (./res/sections/03_impegni.tex
! Undefined control sequence.
<argument> \hbox {\strut \texbf 
                                {Totale costi a persona} \strut }
l.46 ...tirow{2}*{\texbf{Totale costi a persona} }
                                                  & 2025 & 1900& 2075 & 1900...
The control sequence at the end of the top line
of your error message was never \def'ed. If you have
misspelled it (e.g., `\hobx'), type `I' and the correct
spelling (e.g., `I\hbox'). Otherwise just continue,
and I'll forget about whatever was undefined.


Overfull \hbox (155.57593pt too wide) in paragraph at lines 28--51
[] 
 []

)
File: ../latex/images/DreamTeam.png Graphic file (type png)
<use ../latex/images/DreamTeam.png>
Package pdftex.def Info: ../latex/images/DreamTeam.png  used on input line 24.
(pdftex.def)             Requested size: 62.2858pt x 45.96136pt.
 [4] 
AED: lastpage setting LastPage
Package atveryend Info: Empty hook `BeforeClearDocument' on input line 25.
Package atveryend Info: Empty hook `AfterLastShipout' on input line 25.
(./relazione.aux)
Package atveryend Info: Executing hook `AtVeryEndDocument' on input line 25.
Package atveryend Info: Executing hook `AtEndAfterFileList' on input line 25.
Package rerunfilecheck Info: File `relazione.out' has not changed.
(rerunfilecheck)             Checksum: 4B8DC00B314B2E84E7D92E239447EFD0;508.


LaTeX Font Warning: Some font shapes were not available, defaults substituted.

 ) 
Here is how much of TeX's memory you used:
 10654 strings out of 492616
 150912 string characters out of 6129482
 296673 words of memory out of 5000000
 14353 multiletter control sequences out of 15000+600000
 34820 words of font info for 33 fonts, out of 8000000 for 9000
 1141 hyphenation exceptions out of 8191
 39i,16n,43p,830b,357s stack positions out of 5000i,500n,10000p,200000b,80000s
{/usr/local/texlive/2019/texmf-dist/fonts/enc/dvips/tex-gyre/q-ec.enc}{/usr/l
ocal/texlive/2019/texmf-dist/fonts/enc/dvips/cm-super/cm-super-t1.enc}{/usr/loc
al/texlive/2019/texmf-dist/fonts/enc/dvips/tex-gyre/q-ec-sc.enc}</usr/local/tex
live/2019/texmf-dist/fonts/type1/public/amsfonts/cm/cmsy10.pfb></usr/local/texl
ive/2019/texmf-dist/fonts/type1/public/tex-gyre/qcsb.pfb></usr/local/texlive/20
19/texmf-dist/fonts/type1/public/tex-gyre/qcsr.pfb></usr/local/texlive/2019/tex
mf-dist/fonts/type1/public/tex-gyre/qcsri.pfb></usr/local/texlive/2019/texmf-di
st/fonts/type1/public/cm-super/sfss1440.pfb>
Output written on relazione.pdf (5 pages, 672596 bytes).
PDF statistics:
 108 PDF objects out of 1000 (max. 8388607)
 91 compressed objects within 1 object stream
 14 named destinations out of 1000 (max. 500000)
 75 words of extra memory for PDF output out of 10000 (max. 10000000)

