This is pdfTeX, Version 3.14159265-2.6-1.40.20 (TeX Live 2019) (preloaded format=pdflatex 2020.4.9)  17 NOV 2021 12:38
entering extended mode
 restricted \write18 enabled.
 %&-line parsing enabled.
**titlepage_input.tex
(./titlepage_input.tex
LaTeX2e <2018-12-01>
)
! Emergency stop.
<*> titlepage_input.tex
                       
*** (job aborted, no legal \end found)

 
Here is how much of TeX's memory you used:
 6 strings out of 492616
 167 string characters out of 6129482
 57124 words of memory out of 5000000
 4026 multiletter control sequences out of 15000+600000
 3640 words of font info for 14 fonts, out of 8000000 for 9000
 1141 hyphenation exceptions out of 8191
 7i,0n,7p,61b,8s stack positions out of 5000i,500n,10000p,200000b,80000s
!  ==> Fatal error occurred, no output PDF file produced!
